
Selecting FBConfig
GLX_FBCONFIG_ID=115
GLX_BUFFER_SIZE=32
GLX_DOUBLEBUFFER=1
GLX_RED_SIZE=8
GLX_GREEN_SIZE=8
GLX_BLUE_SIZE=8
GLX_ALPHA_SIZE=8
GLX_DEPTH_SIZE=24
GLX_STENCIL_SIZE=8
GLX_SAMPLES_ARB=0
GLX_SAMPLE_BUFFERS_ARB=0
GLX_STEREO=0
GLX_CONFIG_CAVEAT=NONE

Desktop is 1366 x 768 @ 60 Hz
Initialize engine version: 5.3.4f1 (fdbb5133b820)
GfxDevice: creating device client; threaded=1
GLX Extensions: GLX_ARB_create_context GLX_ARB_create_context_profile GLX_ARB_create_context_robustness GLX_ARB_fbconfig_float GLX_ARB_framebuffer_sRGB GLX_ARB_get_proc_address GLX_ARB_multisample GLX_EXT_import_context GLX_EXT_visual_info GLX_EXT_visual_rating GLX_EXT_fbconfig_packed_float GLX_EXT_framebuffer_sRGB GLX_EXT_create_context_es2_profile GLX_EXT_create_context_es_profile GLX_MESA_copy_sub_buffer GLX_MESA_multithread_makecurrent GLX_MESA_query_renderer GLX_MESA_swap_control GLX_OML_swap_method GLX_OML_sync_control GLX_SGI_make_current_read GLX_SGI_swap_control GLX_SGI_video_sync GLX_SGIS_multisample GLX_SGIX_fbconfig GLX_SGIX_pbuffer GLX_SGIX_visual_select_group GLX_EXT_texture_from_pixmap GLX_INTEL_swap_event GLX_ESetting breakpad minidump AppID = 397950
Steam_SetMinidumpSteamID:  Caching Steam ID:  76561198093362850 [API loaded no]
Preloaded type GtkListStore
Preloaded type GtkWindow
Preloaded type GtkVBox
Preloaded type GtkImage
Preloaded type GtkNotebook
Preloaded type GtkHBox
Preloaded type GtkFrame
Preloaded type GtkAlignment
Preloaded type GtkTreeView
Preloaded type GtkLabel
Preloaded type GtkCheckButton
Preloaded type GtkScrolledWindow
Preloaded type GtkComboBox
Couldn't find OnScreenSelectorQuit in main module; checking child
Couldn't find OnScreenSelectorOK in main module; checking child
Couldn't find OnScreenSelectorQuit in main module; checking child
Couldn't find OnInputListRowActivated in main module; checking child
ntrol GL_ARB_compressed_texture_pixel_storage GL_ARB_compute_shader GL_ARB_conditional_render_inverted GL_ARB_conservative_depth GL_ARB_copy_buffer GL_ARB_copy_image GL_ARB_cull_distance GL_ARB_debug_output GL_ARB_depth_buffer_float GL_ARB_depth_clamp GL_ARB_derivative_control GL_ARB_direct_state_access GL_ARB_draw_buffers GL_ARB_draw_buffers_blend GL_ARB_draw_elements_base_vertex GL_ARB_draw_indirect GL_ARB_draw_instanced GL_ARB_enhanced_layouts GL_ARB_explicit_attrib_location
 GL_ARB_explicit_uniform_location GL_ARB_fragment_coord_conventions GL_ARB_fragment_layer_viewport GL_ARB_fragment_shader GL_ARB_framebuffer_no_attachments GL_ARB_framebuffer_object GL_ARB_framebuffer_sRGB GL_ARB_get_program_binary GL_ARB_get_texture_sub_image GL_ARB_gpu_shader5 GL_ARB_gpu_shader_fp64 GL_ARB_half_float_pixel GL_ARB_half_float_vertex GL_ARB_instanced_arrays GL_ARB_internalformat_query GL_ARB_internalformat_query2 GL_ARB_invalidate_subdata GL_ARB_map_buffer_alignment GL_ARB_map_buffer_range GL_ARB_multi_bind GL_ARB_multi_draw_indirect GL_ARB_occlusion_query2 GL_ARB_pipeline_statistics_query GL_ARB_pixel_buffer_object GL_ARB_point_sprite GL_ARB_program_interface_query GL_ARB_provoking_vertex GL_ARB_query_buffer_object GL_ARB_robust_buffer_access_behavior GL_ARB_robustness GL_ARB_sample_shading GL_ARB_sampler_objects GL_ARB_seamless_cube_map GL_ARB_seamless_cubemap_per_texture GL_ARB_separate_shader_objects GL_ARB_shader_atomic_counter_ops GL_ARB_shader_atomic_counters GL_ARB_shader_bit_encoding
 GL_ARB_shader_clock GL_ARB_shader_draw_parameters GL_ARB_shader_image_load_store GL_ARB_shader_image_size GL_ARB_shader_objects GL_ARB_shader_precision GL_ARB_shader_storage_buffer_object GL_ARB_shader_subroutine GL_ARB_shader_texture_image_samples GL_ARB_shader_texture_lod GL_ARB_shader_viewport_layer_array GL_ARB_shading_language_420pack GL_ARB_shading_language_packing GL_ARB_stencil_texturing GL_ARB_sync GL_ARB_tessellation_shader GL_ARB_texture_barrier GL_ARB_texture_buffer_object GL_ARB_texture_buffer_object_rgb32 GL_ARB_texture_buffer_range GL_ARB_texture_compression_bptc GL_ARB_texture_compression_rgtc GL_ARB_texture_cube_map_array GL_ARB_texture_float GL_ARB_texture_gather GL_ARB_texture_mirror_clamp_to_edge GL_ARB_texture_multisample GL_ARB_texture_non_power_of_two GL_ARB_texture_query_levels GL_ARB_texture_query_lod GL_ARB_texture_rectangle GL_ARB_texture_rg GL_ARB_texture_rgb10_a2ui GL_ARB_texture_stencil8 GL_ARB_texture_storage GL_ARB_texture_storage_multisample GL_ARB_texture_swizzle GL_ARB_tex
ture_view GL_ARB_timer_query GL_ARB_transform_feedback2 GL_ARB_transform_feedback3 GL_ARB_transform_feedback_instanced GL_ARB_transform_feedback_overflow_query GL_ARB_uniform_buffer_object GL_ARB_vertex_array_bgra GL_ARB_vertex_array_object GL_ARB_vertex_attrib_64bit GL_ARB_vertex_attrib_binding GL_ARB_vertex_shader GL_ARB_vertex_type_10f_11f_11f_rev GL_ARB_vertex_type_2_10_10_10_rev GL_ARB_viewport_array GL_ATI_blend_equation_separate GL_ATI_texture_float GL_EXT_abgr GL_EXT_blend_equation_separate GL_EXT_draw_buffers2 GL_EXT_draw_instanced GL_EXT_framebuffer_blit GL_EXT_framebuffer_multisample GL_EXT_framebuffer_multisample_blit_scaled GL_EXT_framebuffer_sRGB GL_EXT_packed_depth_stencil GL_EXT_packed_float GL_EXT_pixel_buffer_object GL_EXT_polygon_offset_clamp GL_EXT_provoking_vertex GL_EXT_shader_integer_mix GL_EXT_shader_samples_identical GL_EXT_texture_array GL_EXT_texture_compression_dxt1 GL_EXT_texture_compression_rgtc GL_EXT_texture_compression_s3tc GL_EXT_texture_filter_anisotropic GL_EXT_texture_int
eger GL_EXT_texture_sRGB GL_EXT_texture_sRGB_decode GL_EXT_texture_shared_exponent GL_EXT_texture_snorm GL_EXT_texture_swizzle GL_EXT_timer_query GL_EXT_transform_feedback GL_EXT_vertex_array_bgra GL_IBM_multimode_draw_arrays GL_INTEL_performance_query GL_KHR_blend_equation_advanced GL_KHR_context_flush_control GL_KHR_debug GL_KHR_robust_buffer_access_behavior GL_KHR_robustness GL_MESA_pack_invert GL_MESA_shader_integer_functions GL_MESA_texture_signed_rgba GL_NV_conditional_render GL_NV_depth_clamp GL_NV_packed_depth_stencil GL_NV_texture_barrier GL_OES_EGL_image GL_S3_s3tc
OPENGL LOG: Creating OpenGL 4.5 graphics device
AudioManager: Using PulseAudio: Default Output Device
Begin MonoManager ReloadAssembly
Platform assembly: /home/ryley/.local/share/Steam/steamapps/common/ClusterTruck/Clustertruck_Data/Managed/UnityEngine.dll (this message is harmless)
Loading /home/ryley/.local/share/Steam/steamapps/common/ClusterTruck/Clustertruck_Data/Managed/UnityEngine.dll into Unity Child Domain
Platform assembly: /home/ryley/.local/share/Steam/steamapps/common/ClusterTruck/Clustertruck_Data/Managed/Assembly-CSharp-firstpass.dll (this message is harmless)
Loading /home/ryley/.local/share/Steam/steamapps/common/ClusterTruck/Clustertruck_Data/Managed/Assembly-CSharp-firstpass.dll into Unity Child Domain
Platform assembly: /home/ryley/.local/share/Steam/steamapps/common/ClusterTruck/Clustertruck_Data/Managed/Assembly-CSharp.dll (this message is harmless)
Loading /home/ryley/.local/share/Steam/steamapps/common/ClusterTruck/Clustertruck_Data/Managed/Assembly-CSharp.dll into Unity Child Domain
Platform assembly: /home/ryley/.local/share/Steam/steamapps/common/ClusterTruck/Clustertruck_Data/Managed/Assembly-UnityScript.dll (this message is harmless)
Loading /home/ryley/.local/share/Steam/steamapps/common/ClusterTruck/Clustertruck_Data/Managed/Assembly-UnityScript.dll into Unity Child Domain
Platform assembly: /home/ryley/.local/share/Steam/steamapps/common/ClusterTruck/Clustertruck_Data/Managed/UnityEngine.UI.dll (this message is harmless)
Loading /home/ryley/.local/share/Steam/steamapps/common/ClusterTruck/Clustertruck_Data/Managed/UnityEngine.UI.dll into Unity Child Domain
Platform assembly: /home/ryley/.local/share/Steam/steamapps/common/ClusterTruck/Clustertruck_Data/Managed/UnityEngine.Networking.dll (this message is harmless)
Loading /home/ryley/.local/share/Steam/steamapps/common/ClusterTruck/Clustertruck_Data/Managed/UnityEngine.Networking.dll into Unity Child Domain
Platform assembly: /home/ryley/.local/share/Steam/steamapps/common/ClusterTruck/Clustertruck_Data/Managed/Newtonsoft.Json.dll (this message is harmless)
Loading /home/ryley/.local/share/Steam/steamapps/common/ClusterTruck/Clustertruck_Data/Managed/Newtonsoft.Json.dll into Unity Child Domain
Platform assembly: /home/ryley/.local/share/Steam/steamapps/common/ClusterTruck/Clustertruck_Data/Managed/AmplifyColor.dll (this message is harmless)
Loading /home/ryley/.local/share/Steam/steamapps/common/ClusterTruck/Clustertruck_Data/Managed/AmplifyColor.dll into Unity Child Domain
Platform assembly: /home/ryley/.local/share/Steam/steamapps/common/ClusterTruck/Clustertruck_Data/Managed/ObjReader.dll (this message is harmless)
Loading /home/ryley/.local/share/Steam/steamapps/common/ClusterTruck/Clustertruck_Data/Managed/ObjReader.dll into Unity Child Domain
- Completed reload, in  0.052 seconds
Platform assembly: /home/ryley/.local/share/Steam/steamapps/common/ClusterTruck/Clustertruck_Data/Managed/System.Core.dll (this message is harmless)
Platform assembly: /home/ryley/.local/share/Steam/steamapps/common/ClusterTruck/Clustertruck_Data/Managed/System.dll (this message is harmless)
Default vsync count 1
requesting resize 1366 x 768
Using native desktop resolution 1366 x 768
requesting fullscreen 1366 x 768 at 0 Hz
Desktop is 1366 x 768 @ 60 Hz
Using libudev for joystick management


Importing game controller configs
The referenced script on this Behaviour is missing!
 
(Filename:  Line: 1498)

The referenced script on this Behaviour is missing!
 
(Filename:  Line: 1498)

The referenced script on this Behaviour is missing!
 
(Filename:  Line: 1498)

The referenced script on this Behaviour is missing!
 
(Filename:  Line: 1498)

The referenced script on this Behaviour is missing!
 
(Filename:  Line: 1498)

The referenced script on this Behaviour is missing!
 
(Filename:  Line: 1498)

The referenced script on this Behaviour is missing!
 
(Filename:  Line: 1498)

The referenced script on this Behaviour is missing!
 
(Filename:  Line: 1498)

The referenced script on this Behaviour is missing!
 
(Filename:  Line: 1498)

The referenced script on this Behaviour is missing!
 
(Filename:  Line: 1498)

The referenced script on this Behaviour is missing!
 
(Filename:  Line: 1498)

The referenced script on this Behaviour is missing!
 
(Filename:  Line: 1498)

The referenced script on this Behaviour is missing!
 
(Filename:  Line: 1498)

The referenced script on this Behaviour is missing!
 
(Filename:  Line: 1498)

The referenced script on this Behaviour is missing!
 
(Filename:  Line: 1498)

The referenced script on this Behaviour is missing!
 
(Filename:  Line: 1498)

The referenced script on this Behaviour is missing!
 
(Filename:  Line: 1498)

The referenced script on this Behaviour is missing!
 
(Filename:  Line: 1498)

The referenced script on this Behaviour (Game Object 'SM_Rock_01 (5)') is missing!
 
(Filename:  Line: 1655)

A script behaviour (probably MeshBrush.MeshBrush?) has a different serialization layout when loading. (Read 32 bytes but expected 692 bytes)
Did you #ifdef UNITY_EDITOR a section of your serialized properties in any of your scripts?
 
(Filename:  Line: 1682)

The referenced script on this Behaviour (Game Object 'SM_Rock_02 (2)') is missing!
 
(Filename:  Line: 1655)

A script behaviour (probably MeshBrush.MeshBrush?) has a different serialization layout when loading. (Read 32 bytes but expected 692 bytes)
Did you #ifdef UNITY_EDITOR a section of your serialized properties in any of your scripts?
 
(Filename:  Line: 1682)

The referenced script on this Behaviour (Game Object 'SM_Rock_01 (1)') is missing!
 
(Filename:  Line: 1655)

A script behaviour (probably MeshBrush.MeshBrush?) has a different serialization layout when loading. (Read 32 bytes but expected 692 bytes)
Did you #ifdef UNITY_EDITOR a section of your serialized properties in any of your scripts?
 
(Filename:  Line: 1682)

The referenced script on this Behaviour (Game Object 'Env 1') is missing!
 
(Filename:  Line: 1655)

A script behaviour (probably MeshBrush.MeshBrush?) has a different serialization layout when loading. (Read 32 bytes but expected 692 bytes)
Did you #ifdef UNITY_EDITOR a section of your serialized properties in any of your scripts?
 
(Filename:  Line: 1682)

The referenced script on this Behaviour (Game Object 'SM_Rock_02 (5)') is missing!
 
(Filename:  Line: 1655)

A script behaviour (probably MeshBrush.MeshBrush?) has a different serialization layout when loading. (Read 32 bytes but expected 692 bytes)
Did you #ifdef UNITY_EDITOR a section of your serialized properties in any of your scripts?
 
(Filename:  Line: 1682)

The referenced script on this Behaviour (Game Object 'Env1') is missing!
 
(Filename:  Line: 1655)

A script behaviour (probably MeshBrush.MeshBrush?) has a different serialization layout when loading. (Read 32 bytes but expected 692 bytes)
Did you #ifdef UNITY_EDITOR a section of your serialized properties in any of your scripts?
 
(Filename:  Line: 1682)

The referenced script on this Behaviour (Game Object 'SM_Rock_02 (1)') is missing!
 
(Filename:  Line: 1655)

A script behaviour (probably MeshBrush.MeshBrush?) has a different serialization layout when loading. (Read 32 bytes but expected 692 bytes)
Did you #ifdef UNITY_EDITOR a section of your serialized properties in any of your scripts?
 
(Filename:  Line: 1682)

The referenced script on this Behaviour (Game Object 'Env2') is missing!
 
(Filename:  Line: 1655)

A script behaviour (probably MeshBrush.MeshBrush?) has a different serialization layout when loading. (Read 32 bytes but expected 692 bytes)
Did you #ifdef UNITY_EDITOR a section of your serialized properties in any of your scripts?
 
(Filename:  Line: 1682)

The referenced script on this Behaviour (Game Object 'SM_Rock_02') is missing!
 
(Filename:  Line: 1655)

A script behaviour (probably MeshBrush.MeshBrush?) has a different serialization layout when loading. (Read 32 bytes but expected 692 bytes)
Did you #ifdef UNITY_EDITOR a section of your serialized properties in any of your scripts?
 
(Filename:  Line: 1682)

The referenced script on this Behaviour (Game Object 'Env4') is missing!
 
(Filename:  Line: 1655)

A script behaviour (probably MeshBrush.MeshBrush?) has a different serialization layout when loading. (Read 32 bytes but expected 692 bytes)
Did you #ifdef UNITY_EDITOR a section of your serialized properties in any of your scripts?
 
(Filename:  Line: 1682)

The referenced script on this Behaviour (Game Object 'SM_Rock_02 (4)') is missing!
 
(Filename:  Line: 1655)

A script behaviour (probably MeshBrush.MeshBrush?) has a different serialization layout when loading. (Read 32 bytes but expected 692 bytes)
Did you #ifdef UNITY_EDITOR a section of your serialized properties in any of your scripts?
 
(Filename:  Line: 1682)

The referenced script on this Behaviour (Game Object 'SM_Rock_01') is missing!
 
(Filename:  Line: 1655)

A script behaviour (probably MeshBrush.MeshBrush?) has a different serialization layout when loading. (Read 32 bytes but expected 692 bytes)
Did you #ifdef UNITY_EDITOR a section of your serialized properties in any of your scripts?
 
(Filename:  Line: 1682)

The referenced script on this Behaviour (Game Object 'SM_Rock_02 (6)') is missing!
 
(Filename:  Line: 1655)

A script behaviour (probably MeshBrush.MeshBrush?) has a different serialization layout when loading. (Read 32 bytes but expected 692 bytes)
Did you #ifdef UNITY_EDITOR a section of your serialized properties in any of your scripts?
 
(Filename:  Line: 1682)

The referenced script on this Behaviour (Game Object 'Env') is missing!
 
(Filename:  Line: 1655)

A script behaviour (probably MeshBrush.MeshBrush?) has a different serialization layout when loading. (Read 32 bytes but expected 692 bytes)
Did you #ifdef UNITY_EDITOR a section of your serialized properties in any of your scripts?
 
(Filename:  Line: 1682)

The referenced script on this Behaviour (Game Object 'SM_Rock_01 (2)') is missing!
 
(Filename:  Line: 1655)

A script behaviour (probably MeshBrush.MeshBrush?) has a different serialization layout when loading. (Read 32 bytes but expected 692 bytes)
Did you #ifdef UNITY_EDITOR a section of your serialized properties in any of your scripts?
 
(Filename:  Line: 1682)

The referenced script on this Behaviour (Game Object 'SM_Rock_02 (3)') is missing!
 
(Filename:  Line: 1655)

A script behaviour (probably MeshBrush.MeshBrush?) has a different serialization layout when loading. (Read 32 bytes but expected 692 bytes)
Did you #ifdef UNITY_EDITOR a section of your serialized properties in any of your scripts?
 
(Filename:  Line: 1682)

The referenced script on this Behaviour (Game Object 'SM_Rock_01 (3)') is missing!
 
(Filename:  Line: 1655)

A script behaviour (probably MeshBrush.MeshBrush?) has a different serialization layout when loading. (Read 32 bytes but expected 692 bytes)
Did you #ifdef UNITY_EDITOR a section of your serialized properties in any of your scripts?
 
(Filename:  Line: 1682)

The referenced script on this Behaviour (Game Object 'SM_Rock_01 (4)') is missing!
 
(Filename:  Line: 1655)

A script behaviour (probably MeshBrush.MeshBrush?) has a different serialization layout when loading. (Read 32 bytes but expected 692 bytes)
Did you #ifdef UNITY_EDITOR a section of your serialized properties in any of your scripts?
 
(Filename:  Line: 1682)

UnloadTime: 11.113000 ms
Completed Levels Updated! 0
 
(Filename: /home/builduser/buildslave/unity/build/artifacts/generated/common/runtime/UnityEngineDebugBindings.gen.cpp Line: 37)

CURRENTLEVEL CHANGHED: 0
 
(Filename: /home/builduser/buildslave/unity/build/artifacts/generated/common/runtime/UnityEngineDebugBindings.gen.cpp Line: 37)

CURRENTHalloweenLEVEL CHANGHED: 1
 
(Filename: /home/builduser/buildslave/unity/build/artifacts/generated/common/runtime/UnityEngineDebugBindings.gen.cpp Line: 37)

Completed Levels Updated! 0
 
(Filename: /home/builduser/buildslave/unity/build/artifacts/generated/common/runtime/UnityEngineDebugBindings.gen.cpp Line: 37)

currentLevelChristmas CHANGHED: 1
 
(Filename: /home/builduser/buildslave/unity/build/artifacts/generated/common/runtime/UnityEngineDebugBindings.gen.cpp Line: 37)

Completed Christmas Levels Updated! 0
 
(Filename: /home/builduser/buildslave/unity/build/artifacts/generated/common/runtime/UnityEngineDebugBindings.gen.cpp Line: 37)

CURRENTLEVEL CHANGHED: 1
 
(Filename: /home/builduser/buildslave/unity/build/artifacts/generated/common/runtime/UnityEngineDebugBindings.gen.cpp Line: 37)

Default Color: FFFFFF
 
(Filename: /home/builduser/buildslave/unity/build/artifacts/generated/common/runtime/UnityEngineDebugBindings.gen.cpp Line: 37)

[Singleton] Using instance already created: MaterialHolder
 
(Filename: /home/builduser/buildslave/unity/build/artifacts/generated/common/runtime/UnityEngineDebugBindings.gen.cpp Line: 37)

AddingSkyBox: Blue
 
(Filename: /home/builduser/buildslave/unity/build/artifacts/generated/common/runtime/UnityEngineDebugBindings.gen.cpp Line: 37)

AddingSkyBox: LightBlue
 
(Filename: /home/builduser/buildslave/unity/build/artifacts/generated/common/runtime/UnityEngineDebugBindings.gen.cpp Line: 37)

AddingSkyBox: Orange
 
(Filename: /home/builduser/buildslave/unity/build/artifacts/generated/common/runtime/UnityEngineDebugBindings.gen.cpp Line: 37)

AddingSkyBox: Fire
 
(Filename: /home/builduser/buildslave/unity/build/artifacts/generated/common/runtime/UnityEngineDebugBindings.gen.cpp Line: 37)

AddingSkyBox: Night
 
(Filename: /home/builduser/buildslave/unity/build/artifacts/generated/common/runtime/UnityEngineDebugBindings.gen.cpp Line: 37)

AddingSkyBox: Purple
 
(Filename: /home/builduser/buildslave/unity/build/artifacts/generated/common/runtime/UnityEngineDebugBindings.gen.cpp Line: 37)

AddingSkyBox: Borealis
 
(Filename: /home/builduser/buildslave/unity/build/artifacts/generated/common/runtime/UnityEngineDebugBindings.gen.cpp Line: 37)

AddingSkyBox: Dark
 
(Filename: /home/builduser/buildslave/unity/build/artifacts/generated/common/runtime/UnityEngineDebugBindings.gen.cpp Line: 37)

AddingTerrain: Empty
 
(Filename: /home/builduser/buildslave/unity/build/artifacts/generated/common/runtime/UnityEngineDebugBindings.gen.cpp Line: 37)

AddingTerrain: Tan
 
(Filename: /home/builduser/buildslave/unity/build/artifacts/generated/common/runtime/UnityEngineDebugBindings.gen.cpp Line: 37)

AddingTerrain: Green
 
(Filename: /home/builduser/buildslave/unity/build/artifacts/generated/common/runtime/UnityEngineDebugBindings.gen.cpp Line: 37)

AddingTerrain: Red
 
(Filename: /home/builduser/buildslave/unity/build/artifacts/generated/common/runtime/UnityEngineDebugBindings.gen.cpp Line: 37)

AddingTerrain: Blue
 
(Filename: /home/builduser/buildslave/unity/build/artifacts/generated/common/runtime/UnityEngineDebugBindings.gen.cpp Line: 37)

AddingTerrain: Violet
 
(Filename: /home/builduser/buildslave/unity/build/artifacts/generated/common/runtime/UnityEngineDebugBindings.gen.cpp Line: 37)

InControl (version 1.5.12 build 6556)
 
(Filename: /home/builduser/buildslave/unity/build/artifacts/generated/common/runtime/UnityEngineDebugBindings.gen.cpp Line: 37)

Changing real window size to 1366 x 768
Changing real window size to 1366 x 768
Changing real window size to 1366 x 768
Changing real window size to 1366 x 768
Changing real window size to 1366 x 768
[Singleton] An instance of CustomMeshImporter is needed in the scene, so '(singleton) CustomMeshImporter (UnityEngine.GameObject)' was created with DontDestroyOnLoad.
 
(Filename: /home/builduser/buildslave/unity/build/artifacts/generated/common/runtime/UnityEngineDebugBindings.gen.cpp Line: 37)

Begin loading custom meshes: 23.00212  Frame: 1
 
(Filename: /home/builduser/buildslave/unity/build/artifacts/generated/common/runtime/UnityEngineDebugBindings.gen.cpp Line: 37)

Custom Model Path: /home/ryley/My Games/ClusterTruck/Models
 
(Filename: /home/builduser/buildslave/unity/build/artifacts/generated/common/runtime/UnityEngineDebugBindings.gen.cpp Line: 37)

Loading Custom models complete: Took: 0.004039764 Seconds for: 0 Objects
 
(Filename: /home/builduser/buildslave/unity/build/artifacts/generated/common/runtime/UnityEngineDebugBindings.gen.cpp Line: 37)

[Singleton] An instance of CustomSoundsImporter is needed in the scene, so '(singleton) CustomSoundsImporter (UnityEngine.GameObject)' was created with DontDestroyOnLoad.
 
(Filename: /home/builduser/buildslave/unity/build/artifacts/generated/common/runtime/UnityEngineDebugBindings.gen.cpp Line: 37)

Begin loading custom sounds: 23.0204  Frame: 1
 
(Filename: /home/builduser/buildslave/unity/build/artifacts/generated/common/runtime/UnityEngineDebugBindings.gen.cpp Line: 37)

Custom Sounds Path: /home/ryley/My Games/ClusterTruck/Sounds
 
(Filename: /home/builduser/buildslave/unity/build/artifacts/generated/common/runtime/UnityEngineDebugBindings.gen.cpp Line: 37)

[Singleton] Using instance already created: SteamStatsAndAchievements
 
(Filename: /home/builduser/buildslave/unity/build/artifacts/generated/common/runtime/UnityEngineDebugBindings.gen.cpp Line: 37)

Unlocking Specific Achievement: BEAT_CHRISTMAS
 
(Filename: /home/builduser/buildslave/unity/build/artifacts/generated/common/runtime/UnityEngineDebugBindings.gen.cpp Line: 37)

Unlocked Achievement: BEAT_CHRISTMAS
 
(Filename: /home/builduser/buildslave/unity/build/artifacts/generated/common/runtime/UnityEngineDebugBindings.gen.cpp Line: 37)

Succesfully Set Achievement: SteamStatsAndAchievements+Achievement_t
 
(Filename: /home/builduser/buildslave/unity/build/artifacts/generated/common/runtime/UnityEngineDebugBindings.gen.cpp Line: 37)

DubsCheckEm
 
(Filename: /home/builduser/buildslave/unity/build/artifacts/generated/common/runtime/UnityEngineDebugBindings.gen.cpp Line: 37)

Connect: True
 
(Filename: /home/builduser/buildslave/unity/build/artifacts/generated/common/runtime/UnityEngineDebugBindings.gen.cpp Line: 37)

Setting up 2 worker threads for Enlighten.
  Thread -> id: 7f6a33fff700 -> priority: 1 
  Thread -> id: 7f6a50ff9700 -> priority: 1 
Received stats and achievements from Steam

 
(Filename: /home/builduser/buildslave/unity/build/artifacts/generated/common/runtime/UnityEngineDebugBindings.gen.cpp Line: 37)

CURRENTLEVEL CHANGHED: 50
 
(Filename: /home/builduser/buildslave/unity/build/artifacts/generated/common/runtime/UnityEngineDebugBindings.gen.cpp Line: 37)

Completed Levels Updated! 49
 
(Filename: /home/builduser/buildslave/unity/build/artifacts/generated/common/runtime/UnityEngineDebugBindings.gen.cpp Line: 37)

Completed Levels Updated! 0
 
(Filename: /home/builduser/buildslave/unity/build/artifacts/generated/common/runtime/UnityEngineDebugBindings.gen.cpp Line: 37)

CURRENTHalloweenLEVEL CHANGHED: 1
 
(Filename: /home/builduser/buildslave/unity/build/artifacts/generated/common/runtime/UnityEngineDebugBindings.gen.cpp Line: 37)

currentLevelChristmas CHANGHED: 1
 
(Filename: /home/builduser/buildslave/unity/build/artifacts/generated/common/runtime/UnityEngineDebugBindings.gen.cpp Line: 37)

Completed Christmas Levels Updated! 0
 
(Filename: /home/builduser/buildslave/unity/build/artifacts/generated/common/runtime/UnityEngineDebugBindings.gen.cpp Line: 37)

UnlockedAbilities SET TO: 101
 
(Filename: /home/builduser/buildslave/unity/build/artifacts/generated/common/runtime/UnityEngineDebugBindings.gen.cpp Line: 37)

OnStatsUpdated: Frame: 2
 
(Filename: /home/builduser/buildslave/unity/build/artifacts/generated/common/runtime/UnityEngineDebugBindings.gen.cpp Line: 37)

Stats: Points: 39867 CurrLev: 50 ComLev: 49
 
(Filename: /home/builduser/buildslave/unity/build/artifacts/generated/common/runtime/UnityEngineDebugBindings.gen.cpp Line: 37)

Succesfully Stored stats to steam!
 
(Filename: /home/builduser/buildslave/unity/build/artifacts/generated/common/runtime/UnityEngineDebugBindings.gen.cpp Line: 37)

Money: 39867
 
(Filename: /home/builduser/buildslave/unity/build/artifacts/generated/common/runtime/UnityEngineDebugBindings.gen.cpp Line: 37)

CurrLevel: 50
 
(Filename: /home/builduser/buildslave/unity/build/artifacts/generated/common/runtime/UnityEngineDebugBindings.gen.cpp Line: 37)

CompLevel: 49
 
(Filename: /home/builduser/buildslave/unity/build/artifacts/generated/common/runtime/UnityEngineDebugBindings.gen.cpp Line: 37)

CompLevelhalloween: 0
 
(Filename: /home/builduser/buildslave/unity/build/artifacts/generated/common/runtime/UnityEngineDebugBindings.gen.cpp Line: 37)

CompLevelchristmas: 0
 
(Filename: /home/builduser/buildslave/unity/build/artifacts/generated/common/runtime/UnityEngineDebugBindings.gen.cpp Line: 37)

Unlocked Abilities: 101 Length: 3
 
(Filename: /home/builduser/buildslave/unity/build/artifacts/generated/common/runtime/UnityEngineDebugBindings.gen.cpp Line: 37)

Achievement 'BEAT_CHRISTMAS' unlocked!
 
(Filename: /home/builduser/buildslave/unity/build/artifacts/generated/common/runtime/UnityEngineDebugBindings.gen.cpp Line: 37)

hello? Start: 1
 
(Filename: /home/builduser/buildslave/unity/build/artifacts/generated/common/runtime/UnityEngineDebugBindings.gen.cpp Line: 37)

Playing Ghost From Leaderboard: False
 
(Filename: /home/builduser/buildslave/unity/build/artifacts/generated/common/runtime/UnityEngineDebugBindings.gen.cpp Line: 37)

Flushing all ghosts!
 
(Filename: /home/builduser/buildslave/unity/build/artifacts/generated/common/runtime/UnityEngineDebugBindings.gen.cpp Line: 37)

Clearing level...
 
(Filename: /home/builduser/buildslave/unity/build/artifacts/generated/common/runtime/UnityEngineDebugBindings.gen.cpp Line: 37)

Level cleared!
 
(Filename: /home/builduser/buildslave/unity/build/artifacts/generated/common/runtime/UnityEngineDebugBindings.gen.cpp Line: 37)

CURRENTLEVEL CHANGHED: 50
 
(Filename: /home/builduser/buildslave/unity/build/artifacts/generated/common/runtime/UnityEngineDebugBindings.gen.cpp Line: 37)

OnStatsUpdated: Frame: 335
 
(Filename: /home/builduser/buildslave/unity/build/artifacts/generated/common/runtime/UnityEngineDebugBindings.gen.cpp Line: 37)

Loading Level: 50
 
(Filename: /home/builduser/buildslave/unity/build/artifacts/generated/common/runtime/UnityEngineDebugBindings.gen.cpp Line: 37)

Succesfully Stored stats to steam!
 
(Filename: /home/builduser/buildslave/unity/build/artifacts/generated/common/runtime/UnityEngineDebugBindings.gen.cpp Line: 37)

Money: 39867
 
(Filename: /home/builduser/buildslave/unity/build/artifacts/generated/common/runtime/UnityEngineDebugBindings.gen.cpp Line: 37)

CurrLevel: 50
 
(Filename: /home/builduser/buildslave/unity/build/artifacts/generated/common/runtime/UnityEngineDebugBindings.gen.cpp Line: 37)

CompLevel: 49
 
(Filename: /home/builduser/buildslave/unity/build/artifacts/generated/common/runtime/UnityEngineDebugBindings.gen.cpp Line: 37)

CompLevelhalloween: 0
 
(Filename: /home/builduser/buildslave/unity/build/artifacts/generated/common/runtime/UnityEngineDebugBindings.gen.cpp Line: 37)

CompLevelchristmas: 0
 
(Filename: /home/builduser/buildslave/unity/build/artifacts/generated/common/runtime/UnityEngineDebugBindings.gen.cpp Line: 37)

Unlocked Abilities: 101 Length: 3
 
(Filename: /home/builduser/buildslave/unity/build/artifacts/generated/common/runtime/UnityEngineDebugBindings.gen.cpp Line: 37)

(1.0, 0.0, 0.0)
 
(Filename: /home/builduser/buildslave/unity/build/artifacts/generated/common/runtime/UnityEngineDebugBindings.gen.cpp Line: 37)

x
 
(Filename: /home/builduser/buildslave/unity/build/artifacts/generated/common/runtime/UnityEngineDebugBindings.gen.cpp Line: 37)

(1.0, 0.0, 0.0)
 
(Filename: /home/builduser/buildslave/unity/build/artifacts/generated/common/runtime/UnityEngineDebugBindings.gen.cpp Line: 37)

x
 
(Filename: /home/builduser/buildslave/unity/build/artifacts/generated/common/runtime/UnityEngineDebugBindings.gen.cpp Line: 37)

(-1.0, 0.0, 0.0)
 
(Filename: /home/builduser/buildslave/unity/build/artifacts/generated/common/runtime/UnityEngineDebugBindings.gen.cpp Line: 37)

x
 
(Filename: /home/builduser/buildslave/unity/build/artifacts/generated/common/runtime/UnityEngineDebugBindings.gen.cpp Line: 37)

(-1.0, 0.0, 0.0)
 
(Filename: /home/builduser/buildslave/unity/build/artifacts/generated/common/runtime/UnityEngineDebugBindings.gen.cpp Line: 37)

x
 
(Filename: /home/builduser/buildslave/unity/build/artifacts/generated/common/runtime/UnityEngineDebugBindings.gen.cpp Line: 37)

(0.0, 1.0, 0.0)
 
(Filename: /home/builduser/buildslave/unity/build/artifacts/generated/common/runtime/UnityEngineDebugBindings.gen.cpp Line: 37)

y
 
(Filename: /home/builduser/buildslave/unity/build/artifacts/generated/common/runtime/UnityEngineDebugBindings.gen.cpp Line: 37)

(0.0, 1.0, 0.0)
 
(Filename: /home/builduser/buildslave/unity/build/artifacts/generated/common/runtime/UnityEngineDebugBindings.gen.cpp Line: 37)

y
 
(Filename: /home/builduser/buildslave/unity/build/artifacts/generated/common/runtime/UnityEngineDebugBindings.gen.cpp Line: 37)

(0.0, 1.0, 0.0)
 
(Filename: /home/builduser/buildslave/unity/build/artifacts/generated/common/runtime/UnityEngineDebugBindings.gen.cpp Line: 37)

y
 
(Filename: /home/builduser/buildslave/unity/build/artifacts/generated/common/runtime/UnityEngineDebugBindings.gen.cpp Line: 37)

(0.0, 1.0, 0.0)
 
(Filename: /home/builduser/buildslave/unity/build/artifacts/generated/common/runtime/UnityEngineDebugBindings.gen.cpp Line: 37)

y
 
(Filename: /home/builduser/buildslave/unity/build/artifacts/generated/common/runtime/UnityEngineDebugBindings.gen.cpp Line: 37)

(0.0, 1.0, 0.0)
 
(Filename: /home/builduser/buildslave/unity/build/artifacts/generated/common/runtime/UnityEngineDebugBindings.gen.cpp Line: 37)

y
 
(Filename: /home/builduser/buildslave/unity/build/artifacts/generated/common/runtime/UnityEngineDebugBindings.gen.cpp Line: 37)

(0.0, 1.0, 0.0)
 
(Filename: /home/builduser/buildslave/unity/build/artifacts/generated/common/runtime/UnityEngineDebugBindings.gen.cpp Line: 37)

y
 
(Filename: /home/builduser/buildslave/unity/build/artifacts/generated/common/runtime/UnityEngineDebugBindings.gen.cpp Line: 37)

(0.0, 1.0, 0.0)
 
(Filename: /home/builduser/buildslave/unity/build/artifacts/generated/common/runtime/UnityEngineDebugBindings.gen.cpp Line: 37)

y
 
(Filename: /home/builduser/buildslave/unity/build/artifacts/generated/common/runtime/UnityEngineDebugBindings.gen.cpp Line: 37)

(0.0, 1.0, 0.0)
 
(Filename: /home/builduser/buildslave/unity/build/artifacts/generated/common/runtime/UnityEngineDebugBindings.gen.cpp Line: 37)

y
 
(Filename: /home/builduser/buildslave/unity/build/artifacts/generated/common/runtime/UnityEngineDebugBindings.gen.cpp Line: 37)

(0.0, 1.0, 0.0)
 
(Filename: /home/builduser/buildslave/unity/build/artifacts/generated/common/runtime/UnityEngineDebugBindings.gen.cpp Line: 37)

y
 
(Filename: /home/builduser/buildslave/unity/build/artifacts/generated/common/runtime/UnityEngineDebugBindings.gen.cpp Line: 37)

(0.0, 1.0, 0.0)
 
(Filename: /home/builduser/buildslave/unity/build/artifacts/generated/common/runtime/UnityEngineDebugBindings.gen.cpp Line: 37)

y
 
(Filename: /home/builduser/buildslave/unity/build/artifacts/generated/common/runtime/UnityEngineDebugBindings.gen.cpp Line: 37)

Awake, Playtesting = false335
 
(Filename: /home/builduser/buildslave/unity/build/artifacts/generated/common/runtime/UnityEngineDebugBindings.gen.cpp Line: 37)

No Utility Ability Helptext
 
(Filename: /home/builduser/buildslave/unity/build/artifacts/generated/common/runtime/UnityEngineDebugBindings.gen.cpp Line: 37)

No Movement Ability Helptext
 
(Filename: /home/builduser/buildslave/unity/build/artifacts/generated/common/runtime/UnityEngineDebugBindings.gen.cpp Line: 37)

Cleaning Helpstrings
 
(Filename: /home/builduser/buildslave/unity/build/artifacts/generated/common/runtime/UnityEngineDebugBindings.gen.cpp Line: 37)

Helpme init (WASD TO MOVE) CurrentTip: 1
 
(Filename: /home/builduser/buildslave/unity/build/artifacts/generated/common/runtime/UnityEngineDebugBindings.gen.cpp Line: 37)

[Singleton] An instance of DataRecorder is needed in the scene, so '(singleton) DataRecorder (UnityEngine.GameObject)' was created with DontDestroyOnLoad.
 
(Filename: /home/builduser/buildslave/unity/build/artifacts/generated/common/runtime/UnityEngineDebugBindings.gen.cpp Line: 37)

Started Recording: 335
 
(Filename: /home/builduser/buildslave/unity/build/artifacts/generated/common/runtime/UnityEngineDebugBindings.gen.cpp Line: 37)

No transmitters
 
(Filename: /home/builduser/buildslave/unity/build/artifacts/generated/common/runtime/UnityEngineDebugBindings.gen.cpp Line: 37)

Resetting PLayer: 
 
(Filename: /home/builduser/buildslave/unity/build/artifacts/generated/common/runtime/UnityEngineDebugBindings.gen.cpp Line: 37)

Reseted Maptime: 
 
(Filename: /home/builduser/buildslave/unity/build/artifacts/generated/common/runtime/UnityEngineDebugBindings.gen.cpp Line: 37)

init
 
(Filename: /home/builduser/buildslave/unity/build/artifacts/generated/common/runtime/UnityEngineDebugBindings.gen.cpp Line: 37)

Added Player Transmitter
 
(Filename: /home/builduser/buildslave/unity/build/artifacts/generated/common/runtime/UnityEngineDebugBindings.gen.cpp Line: 37)

Restart Called: RyssHax: True
 
(Filename: /home/builduser/buildslave/unity/build/artifacts/generated/common/runtime/UnityEngineDebugBindings.gen.cpp Line: 37)

FirstPackage
 
(Filename: /home/builduser/buildslave/unity/build/artifacts/generated/common/runtime/UnityEngineDebugBindings.gen.cpp Line: 37)

Stopped Recording : 335
 
(Filename: /home/builduser/buildslave/unity/build/artifacts/generated/common/runtime/UnityEngineDebugBindings.gen.cpp Line: 37)

[Singleton] An instance of RecordedDataPrefabPlayer is needed in the scene, so '(singleton) RecordedDataPrefabPlayer (UnityEngine.GameObject)' was created with DontDestroyOnLoad.
 
(Filename: /home/builduser/buildslave/unity/build/artifacts/generated/common/runtime/UnityEngineDebugBindings.gen.cpp Line: 37)

Clearing level...
 
(Filename: /home/builduser/buildslave/unity/build/artifacts/generated/common/runtime/UnityEngineDebugBindings.gen.cpp Line: 37)

Level cleared!
 
(Filename: /home/builduser/buildslave/unity/build/artifacts/generated/common/runtime/UnityEngineDebugBindings.gen.cpp Line: 37)

RESTART: Playing Normal Map: 
 
(Filename: /home/builduser/buildslave/unity/build/artifacts/generated/common/runtime/UnityEngineDebugBindings.gen.cpp Line: 37)

CURRENTLEVEL CHANGHED: 50
 
(Filename: /home/builduser/buildslave/unity/build/artifacts/generated/common/runtime/UnityEngineDebugBindings.gen.cpp Line: 37)

OnStatsUpdated: Frame: 335
 
(Filename: /home/builduser/buildslave/unity/build/artifacts/generated/common/runtime/UnityEngineDebugBindings.gen.cpp Line: 37)

Enable After Frame Player
 
(Filename: /home/builduser/buildslave/unity/build/artifacts/generated/common/runtime/UnityEngineDebugBindings.gen.cpp Line: 37)

Loading Level: 50
 
(Filename: /home/builduser/buildslave/unity/build/artifacts/generated/common/runtime/UnityEngineDebugBindings.gen.cpp Line: 37)

(1.0, 0.0, 0.0)
 
(Filename: /home/builduser/buildslave/unity/build/artifacts/generated/common/runtime/UnityEngineDebugBindings.gen.cpp Line: 37)

x
 
(Filename: /home/builduser/buildslave/unity/build/artifacts/generated/common/runtime/UnityEngineDebugBindings.gen.cpp Line: 37)

(1.0, 0.0, 0.0)
 
(Filename: /home/builduser/buildslave/unity/build/artifacts/generated/common/runtime/UnityEngineDebugBindings.gen.cpp Line: 37)

x
 
(Filename: /home/builduser/buildslave/unity/build/artifacts/generated/common/runtime/UnityEngineDebugBindings.gen.cpp Line: 37)

(-1.0, 0.0, 0.0)
 
(Filename: /home/builduser/buildslave/unity/build/artifacts/generated/common/runtime/UnityEngineDebugBindings.gen.cpp Line: 37)

x
 
(Filename: /home/builduser/buildslave/unity/build/artifacts/generated/common/runtime/UnityEngineDebugBindings.gen.cpp Line: 37)

(-1.0, 0.0, 0.0)
 
(Filename: /home/builduser/buildslave/unity/build/artifacts/generated/common/runtime/UnityEngineDebugBindings.gen.cpp Line: 37)

x
 
(Filename: /home/builduser/buildslave/unity/build/artifacts/generated/common/runtime/UnityEngineDebugBindings.gen.cpp Line: 37)

(0.0, 1.0, 0.0)
 
(Filename: /home/builduser/buildslave/unity/build/artifacts/generated/common/runtime/UnityEngineDebugBindings.gen.cpp Line: 37)

y
 
(Filename: /home/builduser/buildslave/unity/build/artifacts/generated/common/runtime/UnityEngineDebugBindings.gen.cpp Line: 37)

(0.0, 1.0, 0.0)
 
(Filename: /home/builduser/buildslave/unity/build/artifacts/generated/common/runtime/UnityEngineDebugBindings.gen.cpp Line: 37)

y
 
(Filename: /home/builduser/buildslave/unity/build/artifacts/generated/common/runtime/UnityEngineDebugBindings.gen.cpp Line: 37)

(0.0, 1.0, 0.0)
 
(Filename: /home/builduser/buildslave/unity/build/artifacts/generated/common/runtime/UnityEngineDebugBindings.gen.cpp Line: 37)

y
 
(Filename: /home/builduser/buildslave/unity/build/artifacts/generated/common/runtime/UnityEngineDebugBindings.gen.cpp Line: 37)

(0.0, 1.0, 0.0)
 
(Filename: /home/builduser/buildslave/unity/build/artifacts/generated/common/runtime/UnityEngineDebugBindings.gen.cpp Line: 37)

y
 
(Filename: /home/builduser/buildslave/unity/build/artifacts/generated/common/runtime/UnityEngineDebugBindings.gen.cpp Line: 37)

(0.0, 1.0, 0.0)
 
(Filename: /home/builduser/buildslave/unity/build/artifacts/generated/common/runtime/UnityEngineDebugBindings.gen.cpp Line: 37)

y
 
(Filename: /home/builduser/buildslave/unity/build/artifacts/generated/common/runtime/UnityEngineDebugBindings.gen.cpp Line: 37)

(0.0, 1.0, 0.0)
 
(Filename: /home/builduser/buildslave/unity/build/artifacts/generated/common/runtime/UnityEngineDebugBindings.gen.cpp Line: 37)

y
 
(Filename: /home/builduser/buildslave/unity/build/artifacts/generated/common/runtime/UnityEngineDebugBindings.gen.cpp Line: 37)

(0.0, 1.0, 0.0)
 
(Filename: /home/builduser/buildslave/unity/build/artifacts/generated/common/runtime/UnityEngineDebugBindings.gen.cpp Line: 37)

y
 
(Filename: /home/builduser/buildslave/unity/build/artifacts/generated/common/runtime/UnityEngineDebugBindings.gen.cpp Line: 37)

(0.0, 1.0, 0.0)
 
(Filename: /home/builduser/buildslave/unity/build/artifacts/generated/common/runtime/UnityEngineDebugBindings.gen.cpp Line: 37)

y
 
(Filename: /home/builduser/buildslave/unity/build/artifacts/generated/common/runtime/UnityEngineDebugBindings.gen.cpp Line: 37)

(0.0, 1.0, 0.0)
 
(Filename: /home/builduser/buildslave/unity/build/artifacts/generated/common/runtime/UnityEngineDebugBindings.gen.cpp Line: 37)

y
 
(Filename: /home/builduser/buildslave/unity/build/artifacts/generated/common/runtime/UnityEngineDebugBindings.gen.cpp Line: 37)

(0.0, 1.0, 0.0)
 
(Filename: /home/builduser/buildslave/unity/build/artifacts/generated/common/runtime/UnityEngineDebugBindings.gen.cpp Line: 37)

y
 
(Filename: /home/builduser/buildslave/unity/build/artifacts/generated/common/runtime/UnityEngineDebugBindings.gen.cpp Line: 37)

NullReferenceException: Object reference not set to an instance of an object
  at SetRenderCamera.Update () [0x00000] in <filename unknown>:0 
 
(Filename:  Line: -1)

[Singleton] Using instance already created: TwitchIRC
 
(Filename: /home/builduser/buildslave/unity/build/artifacts/generated/common/runtime/UnityEngineDebugBindings.gen.cpp Line: 37)

Succesfully Stored stats to steam!
 
(Filename: /home/builduser/buildslave/unity/build/artifacts/generated/common/runtime/UnityEngineDebugBindings.gen.cpp Line: 37)

Money: 39867
 
(Filename: /home/builduser/buildslave/unity/build/artifacts/generated/common/runtime/UnityEngineDebugBindings.gen.cpp Line: 37)

CurrLevel: 50
 
(Filename: /home/builduser/buildslave/unity/build/artifacts/generated/common/runtime/UnityEngineDebugBindings.gen.cpp Line: 37)

CompLevel: 49
 
(Filename: /home/builduser/buildslave/unity/build/artifacts/generated/common/runtime/UnityEngineDebugBindings.gen.cpp Line: 37)

CompLevelhalloween: 0
 
(Filename: /home/builduser/buildslave/unity/build/artifacts/generated/common/runtime/UnityEngineDebugBindings.gen.cpp Line: 37)

CompLevelchristmas: 0
 
(Filename: /home/builduser/buildslave/unity/build/artifacts/generated/common/runtime/UnityEngineDebugBindings.gen.cpp Line: 37)

Unlocked Abilities: 101 Length: 3
 
(Filename: /home/builduser/buildslave/unity/build/artifacts/generated/common/runtime/UnityEngineDebugBindings.gen.cpp Line: 37)

Started Recording: 336
 
(Filename: /home/builduser/buildslave/unity/build/artifacts/generated/common/runtime/UnityEngineDebugBindings.gen.cpp Line: 37)

No transmitters
 
(Filename: /home/builduser/buildslave/unity/build/artifacts/generated/common/runtime/UnityEngineDebugBindings.gen.cpp Line: 37)

No Utility Ability Helptext
 
(Filename: /home/builduser/buildslave/unity/build/artifacts/generated/common/runtime/UnityEngineDebugBindings.gen.cpp Line: 37)

No Movement Ability Helptext
 
(Filename: /home/builduser/buildslave/unity/build/artifacts/generated/common/runtime/UnityEngineDebugBindings.gen.cpp Line: 37)

Cleaning Helpstrings
 
(Filename: /home/builduser/buildslave/unity/build/artifacts/generated/common/runtime/UnityEngineDebugBindings.gen.cpp Line: 37)

Helpme init (WASD TO MOVE) CurrentTip: 1
 
(Filename: /home/builduser/buildslave/unity/build/artifacts/generated/common/runtime/UnityEngineDebugBindings.gen.cpp Line: 37)

Resetting PLayer: 
 
(Filename: /home/builduser/buildslave/unity/build/artifacts/generated/common/runtime/UnityEngineDebugBindings.gen.cpp Line: 37)

Reseted Maptime: 
 
(Filename: /home/builduser/buildslave/unity/build/artifacts/generated/common/runtime/UnityEngineDebugBindings.gen.cpp Line: 37)

init
 
(Filename: /home/builduser/buildslave/unity/build/artifacts/generated/common/runtime/UnityEngineDebugBindings.gen.cpp Line: 37)

Added Player Transmitter
 
(Filename: /home/builduser/buildslave/unity/build/artifacts/generated/common/runtime/UnityEngineDebugBindings.gen.cpp Line: 37)

Cleaning Helpstrings
 
(Filename: /home/builduser/buildslave/unity/build/artifacts/generated/common/runtime/UnityEngineDebugBindings.gen.cpp Line: 37)

Start Value helptext: WASD TO MOVE
 
(Filename: /home/builduser/buildslave/unity/build/artifacts/generated/common/runtime/UnityEngineDebugBindings.gen.cpp Line: 37)

init
 
(Filename: /home/builduser/buildslave/unity/build/artifacts/generated/common/runtime/UnityEngineDebugBindings.gen.cpp Line: 37)

FirstPackage
 
(Filename: /home/builduser/buildslave/unity/build/artifacts/generated/common/runtime/UnityEngineDebugBindings.gen.cpp Line: 37)

MOVED TASK
 
(Filename: /home/builduser/buildslave/unity/build/artifacts/generated/common/runtime/UnityEngineDebugBindings.gen.cpp Line: 37)

Nexttip called
 
(Filename: /home/builduser/buildslave/unity/build/artifacts/generated/common/runtime/UnityEngineDebugBindings.gen.cpp Line: 37)

NextTip: MOUSE TO LOOK AROUND
 
(Filename: /home/builduser/buildslave/unity/build/artifacts/generated/common/runtime/UnityEngineDebugBindings.gen.cpp Line: 37)

NullReferenceException: Object reference not set to an instance of an object
  at TwitchIrc.Send (System.String message) [0x00000] in <filename unknown>:0 
  at TwitchIrc.Message (System.String message) [0x00000] in <filename unknown>:0 
  at LandfallTwitch.MessageSend (System.String message) [0x00000] in <filename unknown>:0 
  at LandfallTwitch.StartVoting () [0x00000] in <filename unknown>:0 
  at VoteHandler.StartVote () [0x00000] in <filename unknown>:0 
  at VoteHandler.Update () [0x00000] in <filename unknown>:0 
 
(Filename:  Line: -1)

Flushing all ghosts!
 
(Filename: /home/builduser/buildslave/unity/build/artifacts/generated/common/runtime/UnityEngineDebugBindings.gen.cpp Line: 37)

Look TASK
 
(Filename: /home/builduser/buildslave/unity/build/artifacts/generated/common/runtime/UnityEngineDebugBindings.gen.cpp Line: 37)

Nexttip called
 
(Filename: /home/builduser/buildslave/unity/build/artifacts/generated/common/runtime/UnityEngineDebugBindings.gen.cpp Line: 37)

NextTip: SPACE TO JUMP
 
(Filename: /home/builduser/buildslave/unity/build/artifacts/generated/common/runtime/UnityEngineDebugBindings.gen.cpp Line: 37)

OtherGhost Changed to: Name:   :  0
 
(Filename: /home/builduser/buildslave/unity/build/artifacts/generated/common/runtime/UnityEngineDebugBindings.gen.cpp Line: 37)

Playing Ghost From Leaderboard: False
 
(Filename: /home/builduser/buildslave/unity/build/artifacts/generated/common/runtime/UnityEngineDebugBindings.gen.cpp Line: 37)

Flushing all ghosts!
 
(Filename: /home/builduser/buildslave/unity/build/artifacts/generated/common/runtime/UnityEngineDebugBindings.gen.cpp Line: 37)

Stopped Recording : 517
 
(Filename: /home/builduser/buildslave/unity/build/artifacts/generated/common/runtime/UnityEngineDebugBindings.gen.cpp Line: 37)

Clearing level...
 
(Filename: /home/builduser/buildslave/unity/build/artifacts/generated/common/runtime/UnityEngineDebugBindings.gen.cpp Line: 37)

Level cleared!
 
(Filename: /home/builduser/buildslave/unity/build/artifacts/generated/common/runtime/UnityEngineDebugBindings.gen.cpp Line: 37)

Player Destroyed: Playtesting = false
 
(Filename: /home/builduser/buildslave/unity/build/artifacts/generated/common/runtime/UnityEngineDebugBindings.gen.cpp Line: 37)

